#
# A fatal error has been detected by the Java Runtime Environment:
#
#  Internal Error (javaClasses.cpp:136), pid=4700, tid=6096
#  fatal error: Invalid layout of preloaded class
#
# JRE version:  (7.0_45-b18) (build )
# Java VM: Java HotSpot(TM) Client VM (24.45-b08 mixed mode windows-x86 )
# Failed to write core dump. Minidumps are not enabled by default on client versions of Windows
#
# If you would like to submit a bug report, please visit:
#   http://bugreport.sun.com/bugreport/crash.jsp
#

---------------  T H R E A D  ---------------

Current thread (0x0027bc00):  JavaThread "Unknown thread" [_thread_in_vm, id=6096, stack(0x00b00000,0x00b50000)]

Stack: [0x00b00000,0x00b50000],  sp=0x00b4f4fc,  free space=317k
Native frames: (J=compiled Java code, j=interpreted, Vv=VM code, C=native code)
V  [jvm.dll+0x18df51]
V  [jvm.dll+0x187cc6]
V  [jvm.dll+0x3586a]
V  [jvm.dll+0x358f6]
V  [jvm.dll+0x4400d]
V  [jvm.dll+0x442be]
V  [jvm.dll+0x9263a]
V  [jvm.dll+0x929eb]
V  [jvm.dll+0x13daf1]
V  [jvm.dll+0x1605fc]
V  [jvm.dll+0xc8ebf]
C  [javaw.exe+0x13ce]
C  [javaw.exe+0x1e40]
C  [javaw.exe+0xa5b1]
C  [javaw.exe+0xa63b]
C  [kernel32.dll+0x4ef1c]
C  [ntdll.dll+0x63b53]
C  [ntdll.dll+0x63b26]


---------------  P R O C E S S  ---------------

Java Threads: ( => current thread )

Other Threads:

=>0x0027bc00 (exited) JavaThread "Unknown thread" [_thread_in_vm, id=6096, stack(0x00b00000,0x00b50000)]

VM state:not at safepoint (not fully initialized)

VM Mutex/Monitor currently owned by a thread: None

GC Heap History (0 events):
No events

Deoptimization events (0 events):
No events

Internal exceptions (0 events):
No events

Events (10 events):
Event: 0.064 loading class 0x008988c0 done
Event: 0.064 loading class 0x00898350 done
Event: 0.064 loading class 0x00898330
Event: 0.064 loading class 0x0089f658
Event: 0.064 loading class 0x0089f658 done
Event: 0.064 loading class 0x0089f688
Event: 0.064 loading class 0x0089f688 done
Event: 0.064 loading class 0x0089f6b8
Event: 0.064 loading class 0x0089f6b8 done
Event: 0.064 loading class 0x00898330 done


Dynamic libraries:
0x00bc0000 - 0x00bef000 	C:\Program Files\Java\jdk1.7.0_45\bin\javaw.exe
0x77620000 - 0x77762000 	C:\Windows\SYSTEM32\ntdll.dll
0x75d20000 - 0x75df5000 	C:\Windows\system32\kernel32.dll
0x75510000 - 0x7555b000 	C:\Windows\system32\KERNELBASE.dll
0x77030000 - 0x770d1000 	C:\Windows\system32\ADVAPI32.dll
0x75e00000 - 0x75eac000 	C:\Windows\system32\msvcrt.dll
0x77100000 - 0x77119000 	C:\Windows\SYSTEM32\sechost.dll
0x761e0000 - 0x76282000 	C:\Windows\system32\RPCRT4.dll
0x75fd0000 - 0x76099000 	C:\Windows\system32\USER32.dll
0x76290000 - 0x762de000 	C:\Windows\system32\GDI32.dll
0x777b0000 - 0x777ba000 	C:\Windows\system32\LPK.dll
0x777d0000 - 0x7786d000 	C:\Windows\system32\USP10.dll
0x74160000 - 0x742fe000 	C:\Windows\WinSxS\x86_microsoft.windows.common-controls_6595b64144ccf1df_6.0.7601.18837_none_41e855142bd5705d\COMCTL32.dll
0x77330000 - 0x77387000 	C:\Windows\system32\SHLWAPI.dll
0x770e0000 - 0x770ff000 	C:\Windows\system32\IMM32.DLL
0x77550000 - 0x7761c000 	C:\Windows\system32\MSCTF.dll
0x5ca30000 - 0x5caef000 	C:\Program Files\Java\jdk1.7.0_45\jre\bin\msvcr100.dll
0x60fb0000 - 0x61330000 	C:\Program Files\Java\jdk1.7.0_45\jre\bin\client\jvm.dll
0x6ceb0000 - 0x6ceb7000 	C:\Windows\system32\WSOCK32.dll
0x757b0000 - 0x757e5000 	C:\Windows\system32\WS2_32.dll
0x77770000 - 0x77776000 	C:\Windows\system32\NSI.dll
0x75490000 - 0x754c2000 	C:\Windows\system32\WINMM.dll
0x777c0000 - 0x777c5000 	C:\Windows\system32\PSAPI.DLL
0x67e20000 - 0x67e2c000 	C:\Program Files\Java\jdk1.7.0_45\jre\bin\verify.dll
0x679d0000 - 0x679f0000 	C:\Program Files\Java\jdk1.7.0_45\jre\bin\java.dll
0x679f0000 - 0x67a03000 	C:\Program Files\Java\jdk1.7.0_45\jre\bin\zip.dll
0x6f510000 - 0x6f5fb000 	C:\Windows\system32\dbghelp.dll

VM Arguments:
jvm_args: -Dfile.encoding=GBK -Xbootclasspath:D:\Android\android-sdk-windows-r6\platforms\android-19\android.jar 
java_command: com.example.chapter2.User
Launcher Type: SUN_STANDARD

Environment Variables:
JAVA_HOME=C:\Program Files\Java\jdk1.7.0_45
CLASSPATH=.;C:\Program Files\Java\jdk1.7.0_45\lib\dt.jar;C:\Program Files\Java\jdk1.7.0_45\lib\tools.jar;
PATH=C:/Program Files/Java/jdk1.7.0_45/bin/../jre/bin/client;C:/Program Files/Java/jdk1.7.0_45/bin/../jre/bin;C:/Program Files/Java/jdk1.7.0_45/bin/../jre/lib/i386;C:\Program Files\Java\jdk1.7.0_45\bin;C:\Program Files\Java\jdk1.7.0_45\jre\bin;D:\Android\android-sdk-windows-r6\platform-tools;D:\Android\android-sdk-windows-r6\tools;C:\Windows\system32;C:\Windows;C:\Windows\system32\wbem;D:\水果联盟数据库\bin;C:\Prog;C:\Prog;C:\Prog;C:\Program Files\MySQL\MySQL Server 5.0\bin;;D:\Android\adt-bundle-windows-x86-20140321\eclipse;
USERNAME=Administrator
OS=Windows_NT
PROCESSOR_IDENTIFIER=x86 Family 6 Model 60 Stepping 3, GenuineIntel



---------------  S Y S T E M  ---------------

OS: Windows 7 Build 7601 Service Pack 1

CPU:total 4 (4 cores per cpu, 1 threads per core) family 6 model 60 stepping 3, cmov, cx8, fxsr, mmx, sse, sse2, sse3, ssse3, sse4.1, sse4.2, popcnt, avx, avx2, aes, erms, tsc, tscinvbit

Memory: 4k page, physical 3621724k(1380632k free), swap 7241724k(4433960k free)

vm_info: Java HotSpot(TM) Client VM (24.45-b08) for windows-x86 JRE (1.7.0_45-b18), built on Oct  8 2013 06:02:43 by "java_re" with unknown MS VC++:1600

time: Thu Aug 04 09:58:25 2016
elapsed time: 0 seconds

